2024-05-07 16:41:07.548 - INFO  - es.uah.matcomp.mp.teoria.gui.mvc.javafx.proyectofinal.HelloApplication - Arranque de inicio de la aplicación con su ventana principal(menú) de inicio.
2024-05-07 16:41:07.827 - INFO  - es.uah.matcomp.mp.teoria.gui.mvc.javafx.proyectofinal.HelloApplication - Enviando traza de ejecución
2024-05-07 16:41:07.827 - DEBUG - es.uah.matcomp.mp.teoria.gui.mvc.javafx.proyectofinal.HelloApplication - Enviado un debug
2024-05-07 16:41:07.827 - INFO  - es.uah.matcomp.mp.teoria.gui.mvc.javafx.proyectofinal.HelloApplication - Enviando un info
2024-05-07 16:41:07.827 - WARN  - es.uah.matcomp.mp.teoria.gui.mvc.javafx.proyectofinal.HelloApplication - Enviando un aviso
2024-05-07 16:41:07.828 - ERROR - es.uah.matcomp.mp.teoria.gui.mvc.javafx.proyectofinal.HelloApplication - Enviando un error
2024-05-07 16:41:07.828 - FATAL - es.uah.matcomp.mp.teoria.gui.mvc.javafx.proyectofinal.HelloApplication - Enviando una explosión fatal
2024-05-07 16:41:07.828 - INFO  - es.uah.matcomp.mp.teoria.gui.mvc.javafx.proyectofinal.HelloApplication - El arranque del menú ha sido completado.
2024-05-07 16:41:09.124 - INFO  - es.uah.matcomp.mp.teoria.gui.mvc.javafx.proyectofinal.HelloController - Arranque de la ventana de parámetros
2024-05-07 16:41:09.263 - INFO  - es.uah.matcomp.mp.teoria.gui.mvc.javafx.proyectofinal.HelloController - Enviando traza de ejecución
2024-05-07 16:41:09.263 - DEBUG - es.uah.matcomp.mp.teoria.gui.mvc.javafx.proyectofinal.HelloController - Enviado un debug
2024-05-07 16:41:09.263 - INFO  - es.uah.matcomp.mp.teoria.gui.mvc.javafx.proyectofinal.HelloController - Enviando un info
2024-05-07 16:41:09.263 - WARN  - es.uah.matcomp.mp.teoria.gui.mvc.javafx.proyectofinal.HelloController - Enviando un aviso
2024-05-07 16:41:09.264 - ERROR - es.uah.matcomp.mp.teoria.gui.mvc.javafx.proyectofinal.HelloController - Enviando un error
2024-05-07 16:41:09.264 - FATAL - es.uah.matcomp.mp.teoria.gui.mvc.javafx.proyectofinal.HelloController - Enviando una explosión fatal
2024-05-07 16:41:09.264 - INFO  - es.uah.matcomp.mp.teoria.gui.mvc.javafx.proyectofinal.HelloController - El arranque de la ventana de parámetros ha sido completado
2024-05-07 16:41:12.427 - INFO  - es.uah.matcomp.mp.teoria.gui.mvc.javafx.proyectofinal.ParameterController - Arranque de la ventana del tablero de juego
2024-05-07 16:41:12.549 - INFO  - es.uah.matcomp.mp.teoria.gui.mvc.javafx.proyectofinal.ParameterController - Enviando traza de ejecución
2024-05-07 16:41:12.549 - DEBUG - es.uah.matcomp.mp.teoria.gui.mvc.javafx.proyectofinal.ParameterController - Enviado un debug
2024-05-07 16:41:12.549 - INFO  - es.uah.matcomp.mp.teoria.gui.mvc.javafx.proyectofinal.ParameterController - Enviando un info
2024-05-07 16:41:12.549 - WARN  - es.uah.matcomp.mp.teoria.gui.mvc.javafx.proyectofinal.ParameterController - Enviando un aviso
2024-05-07 16:41:12.550 - ERROR - es.uah.matcomp.mp.teoria.gui.mvc.javafx.proyectofinal.ParameterController - Enviando un error
2024-05-07 16:41:12.550 - FATAL - es.uah.matcomp.mp.teoria.gui.mvc.javafx.proyectofinal.ParameterController - Enviando una explosión fatal
2024-05-07 16:41:12.550 - INFO  - es.uah.matcomp.mp.teoria.gui.mvc.javafx.proyectofinal.ParameterController - El arranque de la ventana del tablero de juego ha sido completado.
2024-05-07 16:41:13.847 - INFO  - es.uah.matcomp.mp.teoria.gui.mvc.javafx.proyectofinal.TableroController - Arranque de la ventana para ver los datos de la casilla
2024-05-07 16:41:13.901 - INFO  - es.uah.matcomp.mp.teoria.gui.mvc.javafx.proyectofinal.TableroController - Enviando traza de ejecución
2024-05-07 16:41:13.902 - DEBUG - es.uah.matcomp.mp.teoria.gui.mvc.javafx.proyectofinal.TableroController - Enviado un debug
2024-05-07 16:41:13.902 - INFO  - es.uah.matcomp.mp.teoria.gui.mvc.javafx.proyectofinal.TableroController - Enviando un info
2024-05-07 16:41:13.902 - WARN  - es.uah.matcomp.mp.teoria.gui.mvc.javafx.proyectofinal.TableroController - Enviando un aviso
2024-05-07 16:41:13.902 - ERROR - es.uah.matcomp.mp.teoria.gui.mvc.javafx.proyectofinal.TableroController - Enviando un error
2024-05-07 16:41:13.902 - FATAL - es.uah.matcomp.mp.teoria.gui.mvc.javafx.proyectofinal.TableroController - Enviando una explosión fatal
2024-05-07 16:41:13.902 - INFO  - es.uah.matcomp.mp.teoria.gui.mvc.javafx.proyectofinal.TableroController - El arranque de la ventana para ver los datos de la casilla ha sido completado
2024-05-07 16:41:15.387 - INFO  - es.uah.matcomp.mp.teoria.gui.mvc.javafx.proyectofinal.ElementosCasillaController - Evento para cerrar la ventana de los elementos de una casilla
2024-05-07 16:41:15.392 - INFO  - es.uah.matcomp.mp.teoria.gui.mvc.javafx.proyectofinal.ElementosCasillaController - La ventana de los elementos de una casilla se ha cerrado correctamente
2024-05-07 16:55:32.544 - INFO  - es.uah.matcomp.mp.teoria.gui.mvc.javafx.proyectofinal.HelloApplication - Arranque de inicio de la aplicación con su ventana principal(menú) de inicio.
2024-05-07 16:55:32.828 - INFO  - es.uah.matcomp.mp.teoria.gui.mvc.javafx.proyectofinal.HelloApplication - Enviando traza de ejecución
2024-05-07 16:55:32.828 - DEBUG - es.uah.matcomp.mp.teoria.gui.mvc.javafx.proyectofinal.HelloApplication - Enviado un debug
2024-05-07 16:55:32.828 - INFO  - es.uah.matcomp.mp.teoria.gui.mvc.javafx.proyectofinal.HelloApplication - Enviando un info
2024-05-07 16:55:32.828 - WARN  - es.uah.matcomp.mp.teoria.gui.mvc.javafx.proyectofinal.HelloApplication - Enviando un aviso
2024-05-07 16:55:32.828 - ERROR - es.uah.matcomp.mp.teoria.gui.mvc.javafx.proyectofinal.HelloApplication - Enviando un error
2024-05-07 16:55:32.828 - FATAL - es.uah.matcomp.mp.teoria.gui.mvc.javafx.proyectofinal.HelloApplication - Enviando una explosión fatal
2024-05-07 16:55:32.829 - INFO  - es.uah.matcomp.mp.teoria.gui.mvc.javafx.proyectofinal.HelloApplication - El arranque del menú ha sido completado.
2024-05-07 16:55:33.819 - INFO  - es.uah.matcomp.mp.teoria.gui.mvc.javafx.proyectofinal.HelloController - Arranque de la ventana de parámetros
2024-05-07 16:55:33.932 - INFO  - es.uah.matcomp.mp.teoria.gui.mvc.javafx.proyectofinal.HelloController - Enviando traza de ejecución
2024-05-07 16:55:33.933 - DEBUG - es.uah.matcomp.mp.teoria.gui.mvc.javafx.proyectofinal.HelloController - Enviado un debug
2024-05-07 16:55:33.933 - INFO  - es.uah.matcomp.mp.teoria.gui.mvc.javafx.proyectofinal.HelloController - Enviando un info
2024-05-07 16:55:33.933 - WARN  - es.uah.matcomp.mp.teoria.gui.mvc.javafx.proyectofinal.HelloController - Enviando un aviso
2024-05-07 16:55:33.933 - ERROR - es.uah.matcomp.mp.teoria.gui.mvc.javafx.proyectofinal.HelloController - Enviando un error
2024-05-07 16:55:33.933 - FATAL - es.uah.matcomp.mp.teoria.gui.mvc.javafx.proyectofinal.HelloController - Enviando una explosión fatal
2024-05-07 16:55:33.933 - INFO  - es.uah.matcomp.mp.teoria.gui.mvc.javafx.proyectofinal.HelloController - El arranque de la ventana de parámetros ha sido completado
2024-05-07 16:55:37.529 - INFO  - es.uah.matcomp.mp.teoria.gui.mvc.javafx.proyectofinal.ParameterController - Arranque de la ventana del tablero de juego
2024-05-07 16:55:37.654 - INFO  - es.uah.matcomp.mp.teoria.gui.mvc.javafx.proyectofinal.ParameterController - Enviando traza de ejecución
2024-05-07 16:55:37.654 - DEBUG - es.uah.matcomp.mp.teoria.gui.mvc.javafx.proyectofinal.ParameterController - Enviado un debug
2024-05-07 16:55:37.655 - INFO  - es.uah.matcomp.mp.teoria.gui.mvc.javafx.proyectofinal.ParameterController - Enviando un info
2024-05-07 16:55:37.655 - WARN  - es.uah.matcomp.mp.teoria.gui.mvc.javafx.proyectofinal.ParameterController - Enviando un aviso
2024-05-07 16:55:37.655 - ERROR - es.uah.matcomp.mp.teoria.gui.mvc.javafx.proyectofinal.ParameterController - Enviando un error
2024-05-07 16:55:37.655 - FATAL - es.uah.matcomp.mp.teoria.gui.mvc.javafx.proyectofinal.ParameterController - Enviando una explosión fatal
2024-05-07 16:55:37.655 - INFO  - es.uah.matcomp.mp.teoria.gui.mvc.javafx.proyectofinal.ParameterController - El arranque de la ventana del tablero de juego ha sido completado.
2024-05-07 16:55:39.001 - INFO  - es.uah.matcomp.mp.teoria.gui.mvc.javafx.proyectofinal.TableroController - Arranque de la ventana para ver los datos de la casilla
2024-05-07 16:55:39.045 - INFO  - es.uah.matcomp.mp.teoria.gui.mvc.javafx.proyectofinal.TableroController - Enviando traza de ejecución
2024-05-07 16:55:39.045 - DEBUG - es.uah.matcomp.mp.teoria.gui.mvc.javafx.proyectofinal.TableroController - Enviado un debug
2024-05-07 16:55:39.045 - INFO  - es.uah.matcomp.mp.teoria.gui.mvc.javafx.proyectofinal.TableroController - Enviando un info
2024-05-07 16:55:39.045 - WARN  - es.uah.matcomp.mp.teoria.gui.mvc.javafx.proyectofinal.TableroController - Enviando un aviso
2024-05-07 16:55:39.045 - ERROR - es.uah.matcomp.mp.teoria.gui.mvc.javafx.proyectofinal.TableroController - Enviando un error
2024-05-07 16:55:39.045 - FATAL - es.uah.matcomp.mp.teoria.gui.mvc.javafx.proyectofinal.TableroController - Enviando una explosión fatal
2024-05-07 16:55:39.045 - INFO  - es.uah.matcomp.mp.teoria.gui.mvc.javafx.proyectofinal.TableroController - El arranque de la ventana para ver los datos de la casilla ha sido completado
2024-05-07 16:55:41.153 - INFO  - es.uah.matcomp.mp.teoria.gui.mvc.javafx.proyectofinal.ElementosCasillaController - Evento para cerrar la ventana de los elementos de una casilla
2024-05-07 16:55:41.157 - INFO  - es.uah.matcomp.mp.teoria.gui.mvc.javafx.proyectofinal.ElementosCasillaController - La ventana de los elementos de una casilla se ha cerrado correctamente
2024-05-07 16:55:44.767 - INFO  - es.uah.matcomp.mp.teoria.gui.mvc.javafx.proyectofinal.ParameterController - Arranque de la ventana del tablero de juego
2024-05-07 16:55:44.828 - INFO  - es.uah.matcomp.mp.teoria.gui.mvc.javafx.proyectofinal.ParameterController - Enviando traza de ejecución
2024-05-07 16:55:44.828 - DEBUG - es.uah.matcomp.mp.teoria.gui.mvc.javafx.proyectofinal.ParameterController - Enviado un debug
2024-05-07 16:55:44.828 - INFO  - es.uah.matcomp.mp.teoria.gui.mvc.javafx.proyectofinal.ParameterController - Enviando un info
2024-05-07 16:55:44.828 - WARN  - es.uah.matcomp.mp.teoria.gui.mvc.javafx.proyectofinal.ParameterController - Enviando un aviso
2024-05-07 16:55:44.828 - ERROR - es.uah.matcomp.mp.teoria.gui.mvc.javafx.proyectofinal.ParameterController - Enviando un error
2024-05-07 16:55:44.829 - FATAL - es.uah.matcomp.mp.teoria.gui.mvc.javafx.proyectofinal.ParameterController - Enviando una explosión fatal
2024-05-07 16:55:44.829 - INFO  - es.uah.matcomp.mp.teoria.gui.mvc.javafx.proyectofinal.ParameterController - El arranque de la ventana del tablero de juego ha sido completado.
2024-05-07 16:56:23.577 - INFO  - es.uah.matcomp.mp.teoria.gui.mvc.javafx.proyectofinal.ParameterController - Se han reiniciado correctamente los valores de los parámetros del juego
2024-05-07 16:56:24.894 - INFO  - es.uah.matcomp.mp.teoria.gui.mvc.javafx.proyectofinal.ParameterController - Se ha cerrado la ventana de los parámetros
2024-05-07 16:56:26.836 - INFO  - es.uah.matcomp.mp.teoria.gui.mvc.javafx.proyectofinal.HelloController - Arranque de la ventana de cargado de partidas
2024-05-07 16:56:26.857 - INFO  - es.uah.matcomp.mp.teoria.gui.mvc.javafx.proyectofinal.HelloController - Enviando traza de ejecución
2024-05-07 16:56:26.857 - DEBUG - es.uah.matcomp.mp.teoria.gui.mvc.javafx.proyectofinal.HelloController - Enviado un debug
2024-05-07 16:56:26.857 - INFO  - es.uah.matcomp.mp.teoria.gui.mvc.javafx.proyectofinal.HelloController - Enviando un info
2024-05-07 16:56:26.857 - WARN  - es.uah.matcomp.mp.teoria.gui.mvc.javafx.proyectofinal.HelloController - Enviando un aviso
2024-05-07 16:56:26.857 - ERROR - es.uah.matcomp.mp.teoria.gui.mvc.javafx.proyectofinal.HelloController - Enviando un error
2024-05-07 16:56:26.857 - FATAL - es.uah.matcomp.mp.teoria.gui.mvc.javafx.proyectofinal.HelloController - Enviando una explosión fatal
2024-05-07 16:56:26.857 - INFO  - es.uah.matcomp.mp.teoria.gui.mvc.javafx.proyectofinal.HelloController - El arranque de la ventana de cargado de partidas ha sido completado
2024-05-07 17:11:11.326 - INFO  - es.uah.matcomp.mp.teoria.gui.mvc.javafx.proyectofinal.HelloApplication - Arranque de inicio de la aplicación con su ventana principal(menú) de inicio.
2024-05-07 17:11:11.625 - INFO  - es.uah.matcomp.mp.teoria.gui.mvc.javafx.proyectofinal.HelloApplication - Enviando traza de ejecución
2024-05-07 17:11:11.626 - DEBUG - es.uah.matcomp.mp.teoria.gui.mvc.javafx.proyectofinal.HelloApplication - Enviado un debug
2024-05-07 17:11:11.626 - INFO  - es.uah.matcomp.mp.teoria.gui.mvc.javafx.proyectofinal.HelloApplication - Enviando un info
2024-05-07 17:11:11.626 - WARN  - es.uah.matcomp.mp.teoria.gui.mvc.javafx.proyectofinal.HelloApplication - Enviando un aviso
2024-05-07 17:11:11.626 - ERROR - es.uah.matcomp.mp.teoria.gui.mvc.javafx.proyectofinal.HelloApplication - Enviando un error
2024-05-07 17:11:11.626 - FATAL - es.uah.matcomp.mp.teoria.gui.mvc.javafx.proyectofinal.HelloApplication - Enviando una explosión fatal
2024-05-07 17:11:11.626 - INFO  - es.uah.matcomp.mp.teoria.gui.mvc.javafx.proyectofinal.HelloApplication - El arranque del menú ha sido completado.
2024-05-07 17:11:17.449 - INFO  - es.uah.matcomp.mp.teoria.gui.mvc.javafx.proyectofinal.HelloController - Arranque de la ventana de parámetros
2024-05-07 17:11:17.560 - INFO  - es.uah.matcomp.mp.teoria.gui.mvc.javafx.proyectofinal.HelloController - Enviando traza de ejecución
2024-05-07 17:11:17.560 - DEBUG - es.uah.matcomp.mp.teoria.gui.mvc.javafx.proyectofinal.HelloController - Enviado un debug
2024-05-07 17:11:17.560 - INFO  - es.uah.matcomp.mp.teoria.gui.mvc.javafx.proyectofinal.HelloController - Enviando un info
2024-05-07 17:11:17.560 - WARN  - es.uah.matcomp.mp.teoria.gui.mvc.javafx.proyectofinal.HelloController - Enviando un aviso
2024-05-07 17:11:17.560 - ERROR - es.uah.matcomp.mp.teoria.gui.mvc.javafx.proyectofinal.HelloController - Enviando un error
2024-05-07 17:11:17.560 - FATAL - es.uah.matcomp.mp.teoria.gui.mvc.javafx.proyectofinal.HelloController - Enviando una explosión fatal
2024-05-07 17:11:17.560 - INFO  - es.uah.matcomp.mp.teoria.gui.mvc.javafx.proyectofinal.HelloController - El arranque de la ventana de parámetros ha sido completado
2024-05-07 17:11:50.909 - INFO  - es.uah.matcomp.mp.teoria.gui.mvc.javafx.proyectofinal.HelloApplication - Arranque de inicio de la aplicación con su ventana principal(menú) de inicio.
2024-05-07 17:11:51.190 - INFO  - es.uah.matcomp.mp.teoria.gui.mvc.javafx.proyectofinal.HelloApplication - Enviando traza de ejecución
2024-05-07 17:11:51.190 - DEBUG - es.uah.matcomp.mp.teoria.gui.mvc.javafx.proyectofinal.HelloApplication - Enviado un debug
2024-05-07 17:11:51.191 - INFO  - es.uah.matcomp.mp.teoria.gui.mvc.javafx.proyectofinal.HelloApplication - Enviando un info
2024-05-07 17:11:51.191 - WARN  - es.uah.matcomp.mp.teoria.gui.mvc.javafx.proyectofinal.HelloApplication - Enviando un aviso
2024-05-07 17:11:51.191 - ERROR - es.uah.matcomp.mp.teoria.gui.mvc.javafx.proyectofinal.HelloApplication - Enviando un error
2024-05-07 17:11:51.191 - FATAL - es.uah.matcomp.mp.teoria.gui.mvc.javafx.proyectofinal.HelloApplication - Enviando una explosión fatal
2024-05-07 17:11:51.191 - INFO  - es.uah.matcomp.mp.teoria.gui.mvc.javafx.proyectofinal.HelloApplication - El arranque del menú ha sido completado.
2024-05-07 17:11:55.718 - INFO  - es.uah.matcomp.mp.teoria.gui.mvc.javafx.proyectofinal.HelloController - Arranque de la ventana de parámetros
2024-05-07 17:11:55.829 - INFO  - es.uah.matcomp.mp.teoria.gui.mvc.javafx.proyectofinal.HelloController - Enviando traza de ejecución
2024-05-07 17:11:55.829 - DEBUG - es.uah.matcomp.mp.teoria.gui.mvc.javafx.proyectofinal.HelloController - Enviado un debug
2024-05-07 17:11:55.829 - INFO  - es.uah.matcomp.mp.teoria.gui.mvc.javafx.proyectofinal.HelloController - Enviando un info
2024-05-07 17:11:55.829 - WARN  - es.uah.matcomp.mp.teoria.gui.mvc.javafx.proyectofinal.HelloController - Enviando un aviso
2024-05-07 17:11:55.830 - ERROR - es.uah.matcomp.mp.teoria.gui.mvc.javafx.proyectofinal.HelloController - Enviando un error
2024-05-07 17:11:55.830 - FATAL - es.uah.matcomp.mp.teoria.gui.mvc.javafx.proyectofinal.HelloController - Enviando una explosión fatal
2024-05-07 17:11:55.830 - INFO  - es.uah.matcomp.mp.teoria.gui.mvc.javafx.proyectofinal.HelloController - El arranque de la ventana de parámetros ha sido completado
2024-05-07 17:11:59.478 - INFO  - es.uah.matcomp.mp.teoria.gui.mvc.javafx.proyectofinal.ParameterController - Arranque de la ventana del tablero de juego
2024-05-07 17:11:59.617 - INFO  - es.uah.matcomp.mp.teoria.gui.mvc.javafx.proyectofinal.ParameterController - Enviando traza de ejecución
2024-05-07 17:11:59.617 - DEBUG - es.uah.matcomp.mp.teoria.gui.mvc.javafx.proyectofinal.ParameterController - Enviado un debug
2024-05-07 17:11:59.617 - INFO  - es.uah.matcomp.mp.teoria.gui.mvc.javafx.proyectofinal.ParameterController - Enviando un info
2024-05-07 17:11:59.617 - WARN  - es.uah.matcomp.mp.teoria.gui.mvc.javafx.proyectofinal.ParameterController - Enviando un aviso
2024-05-07 17:11:59.617 - ERROR - es.uah.matcomp.mp.teoria.gui.mvc.javafx.proyectofinal.ParameterController - Enviando un error
2024-05-07 17:11:59.617 - FATAL - es.uah.matcomp.mp.teoria.gui.mvc.javafx.proyectofinal.ParameterController - Enviando una explosión fatal
2024-05-07 17:11:59.618 - INFO  - es.uah.matcomp.mp.teoria.gui.mvc.javafx.proyectofinal.ParameterController - El arranque de la ventana del tablero de juego ha sido completado.
2024-05-07 17:12:02.963 - INFO  - es.uah.matcomp.mp.teoria.gui.mvc.javafx.proyectofinal.TableroController - Arranque de la ventana para ver los datos de la casilla
2024-05-07 17:12:03.009 - INFO  - es.uah.matcomp.mp.teoria.gui.mvc.javafx.proyectofinal.TableroController - Enviando traza de ejecución
2024-05-07 17:12:03.009 - DEBUG - es.uah.matcomp.mp.teoria.gui.mvc.javafx.proyectofinal.TableroController - Enviado un debug
2024-05-07 17:12:03.009 - INFO  - es.uah.matcomp.mp.teoria.gui.mvc.javafx.proyectofinal.TableroController - Enviando un info
2024-05-07 17:12:03.009 - WARN  - es.uah.matcomp.mp.teoria.gui.mvc.javafx.proyectofinal.TableroController - Enviando un aviso
2024-05-07 17:12:03.009 - ERROR - es.uah.matcomp.mp.teoria.gui.mvc.javafx.proyectofinal.TableroController - Enviando un error
2024-05-07 17:12:03.009 - FATAL - es.uah.matcomp.mp.teoria.gui.mvc.javafx.proyectofinal.TableroController - Enviando una explosión fatal
2024-05-07 17:12:03.009 - INFO  - es.uah.matcomp.mp.teoria.gui.mvc.javafx.proyectofinal.TableroController - El arranque de la ventana para ver los datos de la casilla ha sido completado
2024-05-07 17:12:08.230 - INFO  - es.uah.matcomp.mp.teoria.gui.mvc.javafx.proyectofinal.TableroController - Se guardan los datos del modelo en un fichero JSON
2024-05-07 17:12:08.230 - INFO  - es.uah.matcomp.mp.teoria.gui.mvc.javafx.proyectofinal.TableroController - Proceso para guardar los datos del programa a un fichero
2024-05-07 17:26:11.851 - INFO  - es.uah.matcomp.mp.teoria.gui.mvc.javafx.proyectofinal.HelloApplication - Arranque de inicio de la aplicación con su ventana principal(menú) de inicio.
2024-05-07 17:26:12.133 - INFO  - es.uah.matcomp.mp.teoria.gui.mvc.javafx.proyectofinal.HelloApplication - Enviando traza de ejecución
2024-05-07 17:26:12.133 - DEBUG - es.uah.matcomp.mp.teoria.gui.mvc.javafx.proyectofinal.HelloApplication - Enviado un debug
2024-05-07 17:26:12.133 - INFO  - es.uah.matcomp.mp.teoria.gui.mvc.javafx.proyectofinal.HelloApplication - Enviando un info
2024-05-07 17:26:12.133 - WARN  - es.uah.matcomp.mp.teoria.gui.mvc.javafx.proyectofinal.HelloApplication - Enviando un aviso
2024-05-07 17:26:12.133 - ERROR - es.uah.matcomp.mp.teoria.gui.mvc.javafx.proyectofinal.HelloApplication - Enviando un error
2024-05-07 17:26:12.133 - FATAL - es.uah.matcomp.mp.teoria.gui.mvc.javafx.proyectofinal.HelloApplication - Enviando una explosión fatal
2024-05-07 17:26:12.133 - INFO  - es.uah.matcomp.mp.teoria.gui.mvc.javafx.proyectofinal.HelloApplication - El arranque del menú ha sido completado.
2024-05-07 17:26:12.968 - INFO  - es.uah.matcomp.mp.teoria.gui.mvc.javafx.proyectofinal.HelloController - Arranque de la ventana de parámetros
2024-05-07 17:26:13.085 - INFO  - es.uah.matcomp.mp.teoria.gui.mvc.javafx.proyectofinal.HelloController - Enviando traza de ejecución
2024-05-07 17:26:13.085 - DEBUG - es.uah.matcomp.mp.teoria.gui.mvc.javafx.proyectofinal.HelloController - Enviado un debug
2024-05-07 17:26:13.085 - INFO  - es.uah.matcomp.mp.teoria.gui.mvc.javafx.proyectofinal.HelloController - Enviando un info
2024-05-07 17:26:13.085 - WARN  - es.uah.matcomp.mp.teoria.gui.mvc.javafx.proyectofinal.HelloController - Enviando un aviso
2024-05-07 17:26:13.085 - ERROR - es.uah.matcomp.mp.teoria.gui.mvc.javafx.proyectofinal.HelloController - Enviando un error
2024-05-07 17:26:13.085 - FATAL - es.uah.matcomp.mp.teoria.gui.mvc.javafx.proyectofinal.HelloController - Enviando una explosión fatal
2024-05-07 17:26:13.085 - INFO  - es.uah.matcomp.mp.teoria.gui.mvc.javafx.proyectofinal.HelloController - El arranque de la ventana de parámetros ha sido completado
2024-05-07 17:26:16.158 - INFO  - es.uah.matcomp.mp.teoria.gui.mvc.javafx.proyectofinal.ParameterController - Arranque de la ventana del tablero de juego
2024-05-07 17:26:16.279 - INFO  - es.uah.matcomp.mp.teoria.gui.mvc.javafx.proyectofinal.ParameterController - Enviando traza de ejecución
2024-05-07 17:26:16.279 - DEBUG - es.uah.matcomp.mp.teoria.gui.mvc.javafx.proyectofinal.ParameterController - Enviado un debug
2024-05-07 17:26:16.279 - INFO  - es.uah.matcomp.mp.teoria.gui.mvc.javafx.proyectofinal.ParameterController - Enviando un info
2024-05-07 17:26:16.279 - WARN  - es.uah.matcomp.mp.teoria.gui.mvc.javafx.proyectofinal.ParameterController - Enviando un aviso
2024-05-07 17:26:16.279 - ERROR - es.uah.matcomp.mp.teoria.gui.mvc.javafx.proyectofinal.ParameterController - Enviando un error
2024-05-07 17:26:16.279 - FATAL - es.uah.matcomp.mp.teoria.gui.mvc.javafx.proyectofinal.ParameterController - Enviando una explosión fatal
2024-05-07 17:26:16.279 - INFO  - es.uah.matcomp.mp.teoria.gui.mvc.javafx.proyectofinal.ParameterController - El arranque de la ventana del tablero de juego ha sido completado.
2024-05-07 17:26:17.327 - INFO  - es.uah.matcomp.mp.teoria.gui.mvc.javafx.proyectofinal.TableroController - Arranque de la ventana para ver los datos de la casilla
2024-05-07 17:26:17.372 - INFO  - es.uah.matcomp.mp.teoria.gui.mvc.javafx.proyectofinal.TableroController - Enviando traza de ejecución
2024-05-07 17:26:17.372 - DEBUG - es.uah.matcomp.mp.teoria.gui.mvc.javafx.proyectofinal.TableroController - Enviado un debug
2024-05-07 17:26:17.372 - INFO  - es.uah.matcomp.mp.teoria.gui.mvc.javafx.proyectofinal.TableroController - Enviando un info
2024-05-07 17:26:17.372 - WARN  - es.uah.matcomp.mp.teoria.gui.mvc.javafx.proyectofinal.TableroController - Enviando un aviso
2024-05-07 17:26:17.372 - ERROR - es.uah.matcomp.mp.teoria.gui.mvc.javafx.proyectofinal.TableroController - Enviando un error
2024-05-07 17:26:17.372 - FATAL - es.uah.matcomp.mp.teoria.gui.mvc.javafx.proyectofinal.TableroController - Enviando una explosión fatal
2024-05-07 17:26:17.372 - INFO  - es.uah.matcomp.mp.teoria.gui.mvc.javafx.proyectofinal.TableroController - El arranque de la ventana para ver los datos de la casilla ha sido completado
2024-05-07 17:26:19.147 - INFO  - es.uah.matcomp.mp.teoria.gui.mvc.javafx.proyectofinal.ElementosCasillaController - Evento para cerrar la ventana de los elementos de una casilla
2024-05-07 17:26:19.152 - INFO  - es.uah.matcomp.mp.teoria.gui.mvc.javafx.proyectofinal.ElementosCasillaController - La ventana de los elementos de una casilla se ha cerrado correctamente
2024-05-07 17:26:23.452 - INFO  - es.uah.matcomp.mp.teoria.gui.mvc.javafx.proyectofinal.ParameterController - Se ha cerrado la ventana de los parámetros
2024-05-07 17:26:25.537 - INFO  - es.uah.matcomp.mp.teoria.gui.mvc.javafx.proyectofinal.HelloController - Arranque de la ventana de cargado de partidas
2024-05-07 17:26:25.552 - INFO  - es.uah.matcomp.mp.teoria.gui.mvc.javafx.proyectofinal.HelloController - Enviando traza de ejecución
2024-05-07 17:26:25.552 - DEBUG - es.uah.matcomp.mp.teoria.gui.mvc.javafx.proyectofinal.HelloController - Enviado un debug
2024-05-07 17:26:25.552 - INFO  - es.uah.matcomp.mp.teoria.gui.mvc.javafx.proyectofinal.HelloController - Enviando un info
2024-05-07 17:26:25.552 - WARN  - es.uah.matcomp.mp.teoria.gui.mvc.javafx.proyectofinal.HelloController - Enviando un aviso
2024-05-07 17:26:25.552 - ERROR - es.uah.matcomp.mp.teoria.gui.mvc.javafx.proyectofinal.HelloController - Enviando un error
2024-05-07 17:26:25.553 - FATAL - es.uah.matcomp.mp.teoria.gui.mvc.javafx.proyectofinal.HelloController - Enviando una explosión fatal
2024-05-07 17:26:25.553 - INFO  - es.uah.matcomp.mp.teoria.gui.mvc.javafx.proyectofinal.HelloController - El arranque de la ventana de cargado de partidas ha sido completado
2024-05-07 17:26:27.072 - INFO  - es.uah.matcomp.mp.teoria.gui.mvc.javafx.proyectofinal.CargaPartidaController - Arranque de la ventana del tablero de juego
2024-05-07 17:26:27.077 - INFO  - es.uah.matcomp.mp.teoria.gui.mvc.javafx.proyectofinal.CargaPartidaController - Proceso para cargar datos desde un fichero al programa
2024-05-07 17:26:27.091 - INFO  - es.uah.matcomp.mp.teoria.gui.mvc.javafx.proyectofinal.CargaPartidaController - Enviando traza de ejecución
2024-05-07 17:26:27.091 - DEBUG - es.uah.matcomp.mp.teoria.gui.mvc.javafx.proyectofinal.CargaPartidaController - Enviado un debug
2024-05-07 17:26:27.091 - INFO  - es.uah.matcomp.mp.teoria.gui.mvc.javafx.proyectofinal.CargaPartidaController - Enviando un info
2024-05-07 17:26:27.091 - WARN  - es.uah.matcomp.mp.teoria.gui.mvc.javafx.proyectofinal.CargaPartidaController - Enviando un aviso
2024-05-07 17:26:27.091 - ERROR - es.uah.matcomp.mp.teoria.gui.mvc.javafx.proyectofinal.CargaPartidaController - Enviando un error
2024-05-07 17:26:27.091 - FATAL - es.uah.matcomp.mp.teoria.gui.mvc.javafx.proyectofinal.CargaPartidaController - Enviando una explosión fatal
2024-05-07 17:26:27.091 - INFO  - es.uah.matcomp.mp.teoria.gui.mvc.javafx.proyectofinal.CargaPartidaController - El proceso de carga de datos desde un fichero ha sido realizado
2024-05-07 17:26:27.104 - INFO  - es.uah.matcomp.mp.teoria.gui.mvc.javafx.proyectofinal.CargaPartidaController - Enviando traza de ejecución
2024-05-07 17:26:27.104 - DEBUG - es.uah.matcomp.mp.teoria.gui.mvc.javafx.proyectofinal.CargaPartidaController - Enviado un debug
2024-05-07 17:26:27.104 - INFO  - es.uah.matcomp.mp.teoria.gui.mvc.javafx.proyectofinal.CargaPartidaController - Enviando un info
2024-05-07 17:26:27.104 - WARN  - es.uah.matcomp.mp.teoria.gui.mvc.javafx.proyectofinal.CargaPartidaController - Enviando un aviso
2024-05-07 17:26:27.104 - ERROR - es.uah.matcomp.mp.teoria.gui.mvc.javafx.proyectofinal.CargaPartidaController - Enviando un error
2024-05-07 17:26:27.104 - FATAL - es.uah.matcomp.mp.teoria.gui.mvc.javafx.proyectofinal.CargaPartidaController - Enviando una explosión fatal
2024-05-07 17:26:27.104 - INFO  - es.uah.matcomp.mp.teoria.gui.mvc.javafx.proyectofinal.CargaPartidaController - El arranque de la ventana del tablero de juego ha sido completado.
